sys_logger--2019-02-26 16:08:11,913:INFO 	[system start]
sys_logger--2019-02-26 16:08:12,819:INFO 	[system start]
sys_logger--2019-02-26 16:16:46,263:INFO 	[system halt]
sys_logger--2019-02-26 16:16:46,404:INFO 	[system halt]
sys_logger--2019-02-26 16:16:49,435:INFO 	[system start]
sys_logger--2019-02-26 16:16:50,185:INFO 	[system start]
sys_logger--2019-02-26 18:07:58,448:INFO 	[system halt]
sys_logger--2019-02-26 18:07:58,557:INFO 	[system halt]
sys_logger--2019-02-26 18:08:02,184:INFO 	[system start]
sys_logger--2019-02-26 18:08:02,949:INFO 	[system start]
sys_logger--2019-02-26 18:08:06,743:INFO 	[system halt]
sys_logger--2019-02-26 18:08:06,837:INFO 	[system halt]
sys_logger--2019-02-26 18:08:15,743:INFO 	[system start]
sys_logger--2019-02-26 18:08:17,588:INFO 	[system start]
sys_logger--2019-02-26 19:37:19,653:INFO 	[system halt]
sys_logger--2019-02-26 19:37:19,732:INFO 	[system halt]
sys_logger--2019-02-26 19:37:24,533:INFO 	[system start]
sys_logger--2019-02-26 19:37:25,314:INFO 	[system start]
sys_logger--2019-02-26 21:09:11,934:INFO 	[system halt]
sys_logger--2019-02-26 21:09:12,038:INFO 	[system halt]
sys_logger--2019-02-27 05:48:54,224:INFO 	[system start]
sys_logger--2019-02-27 05:48:54,927:INFO 	[system start]
sys_logger--2019-02-27 05:49:50,585:WARNING 	[Unauthenticated access from 127.0.0.1]
sys_logger--2019-02-27 05:56:54,733:INFO 	[system halt]
sys_logger--2019-02-27 05:56:54,824:INFO 	[system halt]
sys_logger--2019-02-27 05:57:08,037:INFO 	[system start]
sys_logger--2019-02-27 05:57:08,744:INFO 	[system start]
sys_logger--2019-02-27 05:58:14,731:INFO 	[system halt]
sys_logger--2019-02-27 05:58:14,827:INFO 	[system halt]
sys_logger--2019-02-27 05:58:17,629:INFO 	[system start]
sys_logger--2019-02-27 05:58:18,395:INFO 	[system start]
sys_logger--2019-02-27 06:02:52,883:INFO 	[test registered as new type, prilevel=0]
sys_logger--2019-02-27 06:03:00,767:INFO 	[test usertype deleted from the system]
sys_logger--2019-02-27 12:25:25,991:INFO 	[system start]
sys_logger--2019-02-27 12:25:26,881:INFO 	[system start]
sys_logger--2019-02-27 13:59:50,990:INFO 	[system start]
sys_logger--2019-02-27 13:59:51,786:INFO 	[system start]
